<?xml version="1.0" encoding="UTF-8"?>
<!-- Generated by org.testng.reporters.JUnitXMLReporter -->
<testsuite hostname="Aswathys-MacBook-Pro.local" ignored="4" name="Default test" tests="2" failures="0" timestamp="28 Apr 2022 15:40:41 GMT" time="29.671" errors="0">
  <testcase name="testHomePage" time="1.236" classname="com.xcart.testcases.HomePageTest"/>
  <testcase name="testProductPage" time="28.418" classname="com.xcart.testcases.ProductPageTest"/>
  <testcase name="@AfterSuite tearDown" time="0.0" classname="com.xcart.base.TestBase">
    <ignored/>
  </testcase> <!-- @AfterSuite tearDown -->
  <testcase name="@AfterSuite tearDown" time="0.0" classname="com.xcart.base.TestBase">
    <ignored/>
  </testcase> <!-- @AfterSuite tearDown -->
  <testcase name="@BeforeSuite setUp" time="0.0" classname="com.xcart.base.TestBase">
    <ignored/>
  </testcase> <!-- @BeforeSuite setUp -->
  <testcase name="@BeforeSuite setUp" time="0.0" classname="com.xcart.base.TestBase">
    <ignored/>
  </testcase> <!-- @BeforeSuite setUp -->
</testsuite> <!-- Default test -->
