<?xml version="1.0" encoding="UTF-8"?>
<!-- Generated by org.testng.reporters.JUnitXMLReporter -->
<testsuite hostname="Aswathys-MacBook-Pro.local" ignored="0" name="X-Cart UI Product Validation" tests="2" failures="0" timestamp="29 Apr 2022 18:56:25 GMT" time="29.555" errors="0">
  <testcase name="testHomePage" time="0.951" classname="com.xcart.testcases.HomePageTest"/>
  <testcase name="testProductPage" time="28.591" classname="com.xcart.testcases.ProductPageTest"/>
</testsuite> <!-- X-Cart UI Product Validation -->
