<?xml version="1.0" encoding="UTF-8"?>
<testng-results skipped="0" failed="0" ignored="4" total="6" passed="2">
  <reporter-output>
  </reporter-output>
  <suite name="Default suite" duration-ms="29121" started-at="2022-04-28T06:06:32Z" finished-at="2022-04-28T06:07:01Z">
    <groups>
    </groups>
    <test name="Default test" duration-ms="29121" started-at="2022-04-28T06:06:32Z" finished-at="2022-04-28T06:07:01Z">
      <class name="com.xcart.testcases.HomePageTest">
        <test-method status="PASS" signature="testHomePage()[pri:0, instance:com.xcart.testcases.HomePageTest@3b2da18f]" name="testHomePage" duration-ms="914" started-at="2022-04-28T02:06:32Z" finished-at="2022-04-28T02:06:33Z">
          <reporter-output>
          </reporter-output>
        </test-method> <!-- testHomePage -->
      </class> <!-- com.xcart.testcases.HomePageTest -->
      <class name="com.xcart.testcases.ProductPageTest">
        <test-method status="PASS" signature="testProductPage()[pri:0, instance:com.xcart.testcases.ProductPageTest@5906ebcb]" name="testProductPage" duration-ms="28190" started-at="2022-04-28T02:06:33Z" finished-at="2022-04-28T02:07:01Z">
          <reporter-output>
          </reporter-output>
        </test-method> <!-- testProductPage -->
      </class> <!-- com.xcart.testcases.ProductPageTest -->
      <class name="com.xcart.pages.HomePage">
        <test-method status="PASS" signature="setUp()[pri:0, instance:com.xcart.pages.HomePage@6b419da]" name="setUp" is-config="true" duration-ms="2877" started-at="2022-04-28T02:06:29Z" finished-at="2022-04-28T02:06:32Z">
          <reporter-output>
          </reporter-output>
        </test-method> <!-- setUp -->
        <test-method status="PASS" signature="tearDown()[pri:0, instance:com.xcart.pages.HomePage@6b419da]" name="tearDown" is-config="true" duration-ms="105" started-at="2022-04-28T02:07:01Z" finished-at="2022-04-28T02:07:01Z">
          <reporter-output>
          </reporter-output>
        </test-method> <!-- tearDown -->
      </class> <!-- com.xcart.pages.HomePage -->
    </test> <!-- Default test -->
  </suite> <!-- Default suite -->
</testng-results>
